<?xml version="1.0" encoding="UTF-8"?>
<testExecutions version="1">
  <file path="/home/ugor/Documentos/EPS/2024.1-GEROcuidado-App/src/__tests__/TelaCadastro.test.js">
    <testCase name="TelaCadastro Component renders without crashing" duration="224"/>
    <testCase name="TelaCadastro Component validates form inputs and shows errors" duration="19"/>
    <testCase name="TelaCadastro Component calls createUser on successful validation and navigates to Login" duration="67"/>
  </file>
  <file path="/home/ugor/Documentos/EPS/2024.1-GEROcuidado-App/src/__tests__/TelaInicial.test.js">
    <testCase name="TelaInicial renders correctly" duration="32"/>
    <testCase name="TelaInicial navigates to Login on button press" duration="2"/>
    <testCase name="TelaInicial navigates to TelaCadastro on button press" duration="2"/>
  </file>
  <file path="/home/ugor/Documentos/EPS/2024.1-GEROcuidado-App/src/__tests__/Login.test.js">
    <testCase name="Login Component renders without crashing" duration="36"/>
    <testCase name="Login Component shows alert if email or password is empty" duration="4"/>
    <testCase name="Login Component shows alert if user is not found" duration="56"/>
    <testCase name="Login Component navigates to UserProfile on successful login" duration="65"/>
  </file>
</testExecutions>